[debug] [2020-06-21T17:45:22.259Z] ----------------------------------------------------------------------
[debug] [2020-06-21T17:45:22.263Z] Command:       C:\Program Files\nodejs\node.exe C:\Users\HP ProBook4540s\AppData\Roaming\npm\node_modules\firebase-tools\lib\bin\firebase.js init
[debug] [2020-06-21T17:45:22.263Z] CLI Version:   8.4.3
[debug] [2020-06-21T17:45:22.263Z] Platform:      win32
[debug] [2020-06-21T17:45:22.263Z] Node Version:  v14.0.0
[debug] [2020-06-21T17:45:22.265Z] Time:          Sun Jun 21 2020 13:45:22 GMT-0400 (hora de Venezuela)
[debug] [2020-06-21T17:45:22.265Z] ----------------------------------------------------------------------
[debug] [2020-06-21T17:45:22.265Z] 
[debug] [2020-06-21T17:45:22.274Z] > command requires scopes: ["email","openid","https://www.googleapis.com/auth/cloudplatformprojects.readonly","https://www.googleapis.com/auth/firebase","https://www.googleapis.com/auth/cloud-platform"]
[debug] [2020-06-21T17:45:22.275Z] > authorizing via signed-in user
[info] 
     ######## #### ########  ######## ########     ###     ######  ########
     ##        ##  ##     ## ##       ##     ##  ##   ##  ##       ##
     ######    ##  ########  ######   ########  #########  ######  ######
     ##        ##  ##    ##  ##       ##     ## ##     ##       ## ##
     ##       #### ##     ## ######## ########  ##     ##  ######  ########

You're about to initialize a Firebase project in this directory:

  C:\Users\HP ProBook4540s\Desktop\proyecto\frontend

Before we get started, keep in mind:

  * You are initializing in an existing Firebase project directory

[info] 
=== Project Setup
[info] 
[info] First, let's associate this project directory with a Firebase project.
[info] You can create multiple project aliases by running firebase use --add, 
[info] but for now we'll just set up a default project.
[info] 
[info] i  .firebaserc already has a default project, using waveapp-f4960. 
[debug] [2020-06-21T17:45:29.693Z] >>> HTTP REQUEST GET https://firebase.googleapis.com/v1beta1/projects/waveapp-f4960  
 
[debug] [2020-06-21T17:45:30.200Z] <<< HTTP RESPONSE 200 {"content-type":"application/json; charset=UTF-8","vary":"X-Origin, Referer, Origin,Accept-Encoding","date":"Sun, 21 Jun 2020 17:45:30 GMT","server":"ESF","cache-control":"private","x-xss-protection":"0","x-frame-options":"SAMEORIGIN","x-content-type-options":"nosniff","alt-svc":"h3-28=\":443\"; ma=2592000,h3-27=\":443\"; ma=2592000,h3-25=\":443\"; ma=2592000,h3-T050=\":443\"; ma=2592000,h3-Q050=\":443\"; ma=2592000,h3-Q049=\":443\"; ma=2592000,h3-Q048=\":443\"; ma=2592000,h3-Q046=\":443\"; ma=2592000,h3-Q043=\":443\"; ma=2592000,quic=\":443\"; ma=2592000; v=\"46,43\"","accept-ranges":"none","transfer-encoding":"chunked"}
[info] 
=== Hosting Setup
[info] 
[info] Your public directory is the folder (relative to your project directory) that
[info] will contain Hosting assets to be uploaded with firebase deploy. If you
[info] have a build process for your assets, use your build's output directory.
[info] 
